<?xml version="1.0" encoding="UTF-8"?>
<coverage generated="1628032151043" clover="3.2.0">
  <project timestamp="1628032151043" name="All files">
    <metrics statements="45" coveredstatements="44" conditionals="12" coveredconditionals="12" methods="7" coveredmethods="7" elements="64" coveredelements="63" complexity="0" loc="45" ncloc="45" packages="1" files="2" classes="2"/>
    <file name="index.js" path="/Users/tolgamizrakci/Code/job-apps/Nate/nate-dom-parser/server/index.js">
      <metrics statements="12" coveredstatements="12" conditionals="2" coveredconditionals="2" methods="1" coveredmethods="1"/>
      <line num="2" count="1" type="stmt"/>
      <line num="3" count="1" type="stmt"/>
      <line num="5" count="1" type="cond" truecount="2" falsecount="0"/>
      <line num="6" count="1" type="stmt"/>
      <line num="7" count="1" type="stmt"/>
      <line num="8" count="1" type="stmt"/>
      <line num="9" count="1" type="stmt"/>
      <line num="15" count="1" type="stmt"/>
      <line num="17" count="1" type="stmt"/>
      <line num="19" count="1" type="stmt"/>
      <line num="20" count="1" type="stmt"/>
      <line num="23" count="1" type="stmt"/>
    </file>
    <file name="urlController.js" path="/Users/tolgamizrakci/Code/job-apps/Nate/nate-dom-parser/server/urlController.js">
      <metrics statements="33" coveredstatements="32" conditionals="10" coveredconditionals="10" methods="6" coveredmethods="6"/>
      <line num="3" count="1" type="stmt"/>
      <line num="4" count="1" type="stmt"/>
      <line num="6" count="1" type="stmt"/>
      <line num="8" count="1" type="stmt"/>
      <line num="9" count="1" type="stmt"/>
      <line num="11" count="137" type="stmt"/>
      <line num="12" count="126" type="stmt"/>
      <line num="15" count="1" type="stmt"/>
      <line num="16" count="1" type="stmt"/>
      <line num="21" count="137" type="cond" truecount="2" falsecount="0"/>
      <line num="22" count="11" type="stmt"/>
      <line num="24" count="126" type="cond" truecount="2" falsecount="0"/>
      <line num="25" count="81" type="stmt"/>
      <line num="27" count="45" type="stmt"/>
      <line num="33" count="1" type="stmt"/>
      <line num="34" count="45" type="stmt"/>
      <line num="35" count="45" type="stmt"/>
      <line num="37" count="45" type="stmt"/>
      <line num="38" count="68" type="stmt"/>
      <line num="39" count="68" type="cond" truecount="4" falsecount="0"/>
      <line num="40" count="1" type="stmt"/>
      <line num="41" count="67" type="cond" truecount="2" falsecount="0"/>
      <line num="42" count="19" type="stmt"/>
      <line num="46" count="1" type="stmt"/>
      <line num="49" count="1" type="stmt"/>
      <line num="50" count="1" type="stmt"/>
      <line num="52" count="1" type="stmt"/>
      <line num="53" count="1" type="stmt"/>
      <line num="54" count="1" type="stmt"/>
      <line num="55" count="1" type="stmt"/>
      <line num="56" count="1" type="stmt"/>
      <line num="58" count="0" type="stmt"/>
      <line num="62" count="1" type="stmt"/>
    </file>
  </project>
</coverage>
