{"/Users/tolgamizrakci/Code/job-apps/Nate/nate-dom-parser/server/index.js": {"path":"/Users/tolgamizrakci/Code/job-apps/Nate/nate-dom-parser/server/index.js","statementMap":{"0":{"start":{"line":2,"column":16},"end":{"line":2,"column":34}},"1":{"start":{"line":3,"column":13},"end":{"line":3,"column":28}},"2":{"start":{"line":5,"column":13},"end":{"line":5,"column":37}},"3":{"start":{"line":6,"column":12},"end":{"line":6,"column":21}},"4":{"start":{"line":7,"column":0},"end":{"line":7,"column":16}},"5":{"start":{"line":8,"column":0},"end":{"line":8,"column":24}},"6":{"start":{"line":9,"column":0},"end":{"line":13,"column":2}},"7":{"start":{"line":15,"column":22},"end":{"line":15,"column":48}},"8":{"start":{"line":17,"column":0},"end":{"line":17,"column":46}},"9":{"start":{"line":19,"column":0},"end":{"line":21,"column":3}},"10":{"start":{"line":20,"column":4},"end":{"line":20,"column":47}},"11":{"start":{"line":23,"column":0},"end":{"line":23,"column":21}}},"fnMap":{"0":{"name":"(anonymous_0)","decl":{"start":{"line":19,"column":17},"end":{"line":19,"column":18}},"loc":{"start":{"line":19,"column":23},"end":{"line":21,"column":1}},"line":19}},"branchMap":{"0":{"loc":{"start":{"line":5,"column":13},"end":{"line":5,"column":37}},"type":"binary-expr","locations":[{"start":{"line":5,"column":13},"end":{"line":5,"column":29}},{"start":{"line":5,"column":33},"end":{"line":5,"column":37}}],"line":5}},"s":{"0":1,"1":1,"2":1,"3":1,"4":1,"5":1,"6":1,"7":1,"8":1,"9":1,"10":1,"11":1},"f":{"0":1},"b":{"0":[1,1]},"_coverageSchema":"1a1c01bbd47fc00a2c39e90264f33305004495a9","hash":"724670f9e62ad6855d422d03b3c37b91dfbb451e"}
,"/Users/tolgamizrakci/Code/job-apps/Nate/nate-dom-parser/server/urlController.js": {"path":"/Users/tolgamizrakci/Code/job-apps/Nate/nate-dom-parser/server/urlController.js","statementMap":{"0":{"start":{"line":3,"column":12},"end":{"line":3,"column":26}},"1":{"start":{"line":4,"column":14},"end":{"line":4,"column":30}},"2":{"start":{"line":6,"column":18},"end":{"line":6,"column":23}},"3":{"start":{"line":8,"column":19},"end":{"line":47,"column":1}},"4":{"start":{"line":9,"column":17},"end":{"line":9,"column":68}},"5":{"start":{"line":11,"column":20},"end":{"line":11,"column":74}},"6":{"start":{"line":11,"column":30},"end":{"line":11,"column":74}},"7":{"start":{"line":12,"column":20},"end":{"line":12,"column":49}},"8":{"start":{"line":12,"column":30},"end":{"line":12,"column":49}},"9":{"start":{"line":15,"column":14},"end":{"line":15,"column":16}},"10":{"start":{"line":16,"column":17},"end":{"line":31,"column":5}},"11":{"start":{"line":21,"column":16},"end":{"line":23,"column":17}},"12":{"start":{"line":22,"column":20},"end":{"line":22,"column":63}},"13":{"start":{"line":24,"column":16},"end":{"line":26,"column":17}},"14":{"start":{"line":25,"column":20},"end":{"line":25,"column":61}},"15":{"start":{"line":27,"column":16},"end":{"line":27,"column":59}},"16":{"start":{"line":33,"column":4},"end":{"line":45,"column":5}},"17":{"start":{"line":34,"column":23},"end":{"line":34,"column":36}},"18":{"start":{"line":35,"column":24},"end":{"line":35,"column":41}},"19":{"start":{"line":37,"column":8},"end":{"line":44,"column":11}},"20":{"start":{"line":38,"column":30},"end":{"line":38,"column":74}},"21":{"start":{"line":39,"column":12},"end":{"line":43,"column":13}},"22":{"start":{"line":40,"column":16},"end":{"line":40,"column":34}},"23":{"start":{"line":41,"column":19},"end":{"line":43,"column":13}},"24":{"start":{"line":42,"column":16},"end":{"line":42,"column":33}},"25":{"start":{"line":46,"column":4},"end":{"line":46,"column":13}},"26":{"start":{"line":49,"column":22},"end":{"line":60,"column":1}},"27":{"start":{"line":50,"column":21},"end":{"line":50,"column":24}},"28":{"start":{"line":52,"column":4},"end":{"line":59,"column":5}},"29":{"start":{"line":53,"column":23},"end":{"line":53,"column":42}},"30":{"start":{"line":54,"column":20},"end":{"line":54,"column":42}},"31":{"start":{"line":55,"column":25},"end":{"line":55,"column":40}},"32":{"start":{"line":56,"column":8},"end":{"line":56,"column":45}},"33":{"start":{"line":58,"column":8},"end":{"line":58,"column":34}},"34":{"start":{"line":62,"column":0},"end":{"line":62,"column":35}}},"fnMap":{"0":{"name":"(anonymous_0)","decl":{"start":{"line":8,"column":19},"end":{"line":8,"column":20}},"loc":{"start":{"line":8,"column":28},"end":{"line":47,"column":1}},"line":8},"1":{"name":"(anonymous_1)","decl":{"start":{"line":11,"column":20},"end":{"line":11,"column":21}},"loc":{"start":{"line":11,"column":30},"end":{"line":11,"column":74}},"line":11},"2":{"name":"(anonymous_2)","decl":{"start":{"line":12,"column":20},"end":{"line":12,"column":21}},"loc":{"start":{"line":12,"column":30},"end":{"line":12,"column":49}},"line":12},"3":{"name":"(anonymous_3)","decl":{"start":{"line":20,"column":12},"end":{"line":20,"column":13}},"loc":{"start":{"line":20,"column":29},"end":{"line":28,"column":13}},"line":20},"4":{"name":"(anonymous_4)","decl":{"start":{"line":37,"column":24},"end":{"line":37,"column":25}},"loc":{"start":{"line":37,"column":33},"end":{"line":44,"column":9}},"line":37},"5":{"name":"(anonymous_5)","decl":{"start":{"line":49,"column":22},"end":{"line":49,"column":23}},"loc":{"start":{"line":49,"column":48},"end":{"line":60,"column":1}},"line":49}},"branchMap":{"0":{"loc":{"start":{"line":21,"column":16},"end":{"line":23,"column":17}},"type":"if","locations":[{"start":{"line":21,"column":16},"end":{"line":23,"column":17}},{"start":{"line":21,"column":16},"end":{"line":23,"column":17}}],"line":21},"1":{"loc":{"start":{"line":24,"column":16},"end":{"line":26,"column":17}},"type":"if","locations":[{"start":{"line":24,"column":16},"end":{"line":26,"column":17}},{"start":{"line":24,"column":16},"end":{"line":26,"column":17}}],"line":24},"2":{"loc":{"start":{"line":39,"column":12},"end":{"line":43,"column":13}},"type":"if","locations":[{"start":{"line":39,"column":12},"end":{"line":43,"column":13}},{"start":{"line":39,"column":12},"end":{"line":43,"column":13}}],"line":39},"3":{"loc":{"start":{"line":39,"column":16},"end":{"line":39,"column":48}},"type":"binary-expr","locations":[{"start":{"line":39,"column":16},"end":{"line":39,"column":28}},{"start":{"line":39,"column":32},"end":{"line":39,"column":48}}],"line":39},"4":{"loc":{"start":{"line":41,"column":19},"end":{"line":43,"column":13}},"type":"if","locations":[{"start":{"line":41,"column":19},"end":{"line":43,"column":13}},{"start":{"line":41,"column":19},"end":{"line":43,"column":13}}],"line":41}},"s":{"0":1,"1":1,"2":1,"3":1,"4":1,"5":1,"6":137,"7":1,"8":126,"9":1,"10":1,"11":137,"12":11,"13":126,"14":81,"15":45,"16":1,"17":45,"18":45,"19":45,"20":68,"21":68,"22":1,"23":67,"24":19,"25":1,"26":1,"27":1,"28":1,"29":1,"30":1,"31":1,"32":1,"33":0,"34":1},"f":{"0":1,"1":137,"2":126,"3":137,"4":68,"5":1},"b":{"0":[11,126],"1":[81,45],"2":[1,67],"3":[68,1],"4":[19,48]},"_coverageSchema":"1a1c01bbd47fc00a2c39e90264f33305004495a9","hash":"8a0eaf1e69f585de7ec7c784843738742d6d22d8"}
}
