TN:
SF:server/index.js
FN:19,(anonymous_0)
FNF:1
FNH:1
FNDA:1,(anonymous_0)
DA:2,1
DA:3,1
DA:5,1
DA:6,1
DA:7,1
DA:8,1
DA:9,1
DA:15,1
DA:17,1
DA:19,1
DA:20,1
DA:23,1
LF:12
LH:12
BRDA:5,0,0,1
BRDA:5,0,1,1
BRF:2
BRH:2
end_of_record
TN:
SF:server/urlController.js
FN:8,(anonymous_0)
FN:11,(anonymous_1)
FN:12,(anonymous_2)
FN:20,(anonymous_3)
FN:37,(anonymous_4)
FN:49,(anonymous_5)
FNF:6
FNH:6
FNDA:1,(anonymous_0)
FNDA:137,(anonymous_1)
FNDA:126,(anonymous_2)
FNDA:137,(anonymous_3)
FNDA:68,(anonymous_4)
FNDA:1,(anonymous_5)
DA:3,1
DA:4,1
DA:6,1
DA:8,1
DA:9,1
DA:11,137
DA:12,126
DA:15,1
DA:16,1
DA:21,137
DA:22,11
DA:24,126
DA:25,81
DA:27,45
DA:33,1
DA:34,45
DA:35,45
DA:37,45
DA:38,68
DA:39,68
DA:40,1
DA:41,67
DA:42,19
DA:46,1
DA:49,1
DA:50,1
DA:52,1
DA:53,1
DA:54,1
DA:55,1
DA:56,1
DA:58,0
DA:62,1
LF:33
LH:32
BRDA:21,0,0,11
BRDA:21,0,1,126
BRDA:24,1,0,81
BRDA:24,1,1,45
BRDA:39,2,0,1
BRDA:39,2,1,67
BRDA:39,3,0,68
BRDA:39,3,1,1
BRDA:41,4,0,19
BRDA:41,4,1,48
BRF:10
BRH:10
end_of_record
